<?xml version="1.0" encoding="UTF-8" ?>
<testsuites>
<testsuite name="Frisby Test: getprocess" errors="0" tests="1" failures="1" time="0.024" timestamp="2016-06-16T00:24:57">
  <testcase classname="Frisby Test: getprocess" name="
	[ GET http://116.89.190.134:5555/v0.1/getprocess ]" time="0.021"><failure type="expect" message="Expected 404 to equal 200.">Error: Expected 404 to equal 200.
    at new jasmine.ExpectationResult (/usr/local/lib/node_modules/jasmine-node/lib/jasmine-node/jasmine-1.3.1.js:114:32)
    at .toEqual (/usr/local/lib/node_modules/jasmine-node/lib/jasmine-node/jasmine-1.3.1.js:1316:29)
    at .&amp;lt;anonymous&amp;gt; (/home/bjj/smart_energy/test/node_modules/frisby/lib/frisby.js:493:42)
    at .&amp;lt;anonymous&amp;gt; (/home/bjj/smart_energy/test/node_modules/frisby/lib/frisby.js:1074:43)
    at jasmine.Block.execute (/usr/local/lib/node_modules/jasmine-node/lib/jasmine-node/jasmine-1.3.1.js:1145:17)
    at jasmine.Queue.next_ (/usr/local/lib/node_modules/jasmine-node/lib/jasmine-node/jasmine-1.3.1.js:2177:31)
    at onComplete (/usr/local/lib/node_modules/jasmine-node/lib/jasmine-node/jasmine-1.3.1.js:2173:18)
    at jasmine.WaitsForBlock.execute (/usr/local/lib/node_modules/jasmine-node/lib/jasmine-node/jasmine-1.3.1.js:2659:5)
    at Timeout._onTimeout (/usr/local/lib/node_modules/jasmine-node/lib/jasmine-node/jasmine-1.3.1.js:2673:12)
    at tryOnTimeout (timers.js:224:11)</failure></testcase>
</testsuite>
</testsuites>