<?xml version="1.0" encoding="UTF-8" ?>
<testsuites>
<testsuite name="Frisby Test: getdata" errors="0" tests="1" failures="0" time="0.074" timestamp="2016-06-16T00:50:32">
  <testcase classname="Frisby Test: getdata" name="
	[ GET http://116.89.190.134:5555/v0.1/getdata ]" time="0.069"></testcase>
</testsuite>
</testsuites>